Determining if the pthread_create exist failed with the following output:
Change Dir: /home/mkarier/Dropbox/Thesis/CleanImage/cmake-build-debug/CMakeFiles/CMakeTmp

Run Build Command:"/usr/bin/make" "cmTC_db972/fast"
/usr/bin/make -f CMakeFiles/cmTC_db972.dir/build.make CMakeFiles/cmTC_db972.dir/build
make[1]: Entering directory '/home/mkarier/Dropbox/Thesis/CleanImage/cmake-build-debug/CMakeFiles/CMakeTmp'
Building C object CMakeFiles/cmTC_db972.dir/CheckSymbolExists.c.o
/usr/bin/cc   -fPIC    -o CMakeFiles/cmTC_db972.dir/CheckSymbolExists.c.o   -c /home/mkarier/Dropbox/Thesis/CleanImage/cmake-build-debug/CMakeFiles/CMakeTmp/CheckSymbolExists.c
Linking C executable cmTC_db972
/home/mkarier/clion-2018.1/bin/cmake/bin/cmake -E cmake_link_script CMakeFiles/cmTC_db972.dir/link.txt --verbose=1
/usr/bin/cc -fPIC     CMakeFiles/cmTC_db972.dir/CheckSymbolExists.c.o  -o cmTC_db972 
CMakeFiles/cmTC_db972.dir/CheckSymbolExists.c.o: In function `main':
CheckSymbolExists.c:(.text+0x1b): undefined reference to `pthread_create'
collect2: error: ld returned 1 exit status
CMakeFiles/cmTC_db972.dir/build.make:97: recipe for target 'cmTC_db972' failed
make[1]: *** [cmTC_db972] Error 1
make[1]: Leaving directory '/home/mkarier/Dropbox/Thesis/CleanImage/cmake-build-debug/CMakeFiles/CMakeTmp'
Makefile:126: recipe for target 'cmTC_db972/fast' failed
make: *** [cmTC_db972/fast] Error 2

File /home/mkarier/Dropbox/Thesis/CleanImage/cmake-build-debug/CMakeFiles/CMakeTmp/CheckSymbolExists.c:
/* */
#include <pthread.h>

int main(int argc, char** argv)
{
  (void)argv;
#ifndef pthread_create
  return ((int*)(&pthread_create))[argc];
#else
  (void)argc;
  return 0;
#endif
}

Determining if the function pthread_create exists in the pthreads failed with the following output:
Change Dir: /home/mkarier/Dropbox/Thesis/CleanImage/cmake-build-debug/CMakeFiles/CMakeTmp

Run Build Command:"/usr/bin/make" "cmTC_837ae/fast"
/usr/bin/make -f CMakeFiles/cmTC_837ae.dir/build.make CMakeFiles/cmTC_837ae.dir/build
make[1]: Entering directory '/home/mkarier/Dropbox/Thesis/CleanImage/cmake-build-debug/CMakeFiles/CMakeTmp'
Building C object CMakeFiles/cmTC_837ae.dir/CheckFunctionExists.c.o
/usr/bin/cc   -fPIC -DCHECK_FUNCTION_EXISTS=pthread_create   -o CMakeFiles/cmTC_837ae.dir/CheckFunctionExists.c.o   -c /home/mkarier/clion-2018.1/bin/cmake/share/cmake-3.10/Modules/CheckFunctionExists.c
Linking C executable cmTC_837ae
/home/mkarier/clion-2018.1/bin/cmake/bin/cmake -E cmake_link_script CMakeFiles/cmTC_837ae.dir/link.txt --verbose=1
/usr/bin/cc -fPIC -DCHECK_FUNCTION_EXISTS=pthread_create    CMakeFiles/cmTC_837ae.dir/CheckFunctionExists.c.o  -o cmTC_837ae -lpthreads 
/usr/bin/ld: cannot find -lpthreads
collect2: error: ld returned 1 exit status
CMakeFiles/cmTC_837ae.dir/build.make:97: recipe for target 'cmTC_837ae' failed
make[1]: *** [cmTC_837ae] Error 1
make[1]: Leaving directory '/home/mkarier/Dropbox/Thesis/CleanImage/cmake-build-debug/CMakeFiles/CMakeTmp'
Makefile:126: recipe for target 'cmTC_837ae/fast' failed
make: *** [cmTC_837ae/fast] Error 2


