Determining if the pthread_create exist failed with the following output:
Change Dir: /home/mkarier/Dropbox/ImageProcessing/EdgeDetection/cmake-build-debug/CMakeFiles/CMakeTmp

Run Build Command:"/usr/bin/make" "cmTC_206b5/fast"
/usr/bin/make -f CMakeFiles/cmTC_206b5.dir/build.make CMakeFiles/cmTC_206b5.dir/build
make[1]: Entering directory '/home/mkarier/Dropbox/ImageProcessing/EdgeDetection/cmake-build-debug/CMakeFiles/CMakeTmp'
Building C object CMakeFiles/cmTC_206b5.dir/CheckSymbolExists.c.o
/usr/bin/cc    -o CMakeFiles/cmTC_206b5.dir/CheckSymbolExists.c.o   -c /home/mkarier/Dropbox/ImageProcessing/EdgeDetection/cmake-build-debug/CMakeFiles/CMakeTmp/CheckSymbolExists.c
Linking C executable cmTC_206b5
/home/mkarier/clion-2017.2.3/bin/cmake/bin/cmake -E cmake_link_script CMakeFiles/cmTC_206b5.dir/link.txt --verbose=1
/usr/bin/cc      CMakeFiles/cmTC_206b5.dir/CheckSymbolExists.c.o  -o cmTC_206b5 
CMakeFiles/cmTC_206b5.dir/CheckSymbolExists.c.o: In function `main':
CheckSymbolExists.c:(.text+0x16): undefined reference to `pthread_create'
collect2: error: ld returned 1 exit status
CMakeFiles/cmTC_206b5.dir/build.make:97: recipe for target 'cmTC_206b5' failed
make[1]: *** [cmTC_206b5] Error 1
make[1]: Leaving directory '/home/mkarier/Dropbox/ImageProcessing/EdgeDetection/cmake-build-debug/CMakeFiles/CMakeTmp'
Makefile:126: recipe for target 'cmTC_206b5/fast' failed
make: *** [cmTC_206b5/fast] Error 2

File /home/mkarier/Dropbox/ImageProcessing/EdgeDetection/cmake-build-debug/CMakeFiles/CMakeTmp/CheckSymbolExists.c:
/* */
#include <pthread.h>

int main(int argc, char** argv)
{
  (void)argv;
#ifndef pthread_create
  return ((int*)(&pthread_create))[argc];
#else
  (void)argc;
  return 0;
#endif
}

Determining if the function pthread_create exists in the pthreads failed with the following output:
Change Dir: /home/mkarier/Dropbox/ImageProcessing/EdgeDetection/cmake-build-debug/CMakeFiles/CMakeTmp

Run Build Command:"/usr/bin/make" "cmTC_280e0/fast"
/usr/bin/make -f CMakeFiles/cmTC_280e0.dir/build.make CMakeFiles/cmTC_280e0.dir/build
make[1]: Entering directory '/home/mkarier/Dropbox/ImageProcessing/EdgeDetection/cmake-build-debug/CMakeFiles/CMakeTmp'
Building C object CMakeFiles/cmTC_280e0.dir/CheckFunctionExists.c.o
/usr/bin/cc   -DCHECK_FUNCTION_EXISTS=pthread_create   -o CMakeFiles/cmTC_280e0.dir/CheckFunctionExists.c.o   -c /home/mkarier/clion-2017.2.3/bin/cmake/share/cmake-3.9/Modules/CheckFunctionExists.c
Linking C executable cmTC_280e0
/home/mkarier/clion-2017.2.3/bin/cmake/bin/cmake -E cmake_link_script CMakeFiles/cmTC_280e0.dir/link.txt --verbose=1
/usr/bin/cc  -DCHECK_FUNCTION_EXISTS=pthread_create    CMakeFiles/cmTC_280e0.dir/CheckFunctionExists.c.o  -o cmTC_280e0 -lpthreads 
/usr/bin/ld: cannot find -lpthreads
collect2: error: ld returned 1 exit status
CMakeFiles/cmTC_280e0.dir/build.make:97: recipe for target 'cmTC_280e0' failed
make[1]: *** [cmTC_280e0] Error 1
make[1]: Leaving directory '/home/mkarier/Dropbox/ImageProcessing/EdgeDetection/cmake-build-debug/CMakeFiles/CMakeTmp'
Makefile:126: recipe for target 'cmTC_280e0/fast' failed
make: *** [cmTC_280e0/fast] Error 2


